<?xml version="1.0" encoding="UTF-8"?>
<!-- Generated by org.testng.reporters.JUnitReportReporter -->
<testsuite skipped="0" hostname="DESKTOP-R18UK1G" name="Selenium_grid.Grid_setup" tests="1" failures="0" timestamp="15 Sep 2017 05:06:29 GMT" time="9.720" errors="0">
  <testcase name="test" time="9.720" classname="Selenium_grid.Grid_setup"/>
</testsuite> <!-- Selenium_grid.Grid_setup -->
